I, [2020-04-16T05:07:08.967824 #22283]  INFO -- kt-suite-aws: -----> Destroying <kt-suite-aws>...
W, [2020-04-16T05:07:08.968294 #22283]  WARN -- kt-suite-aws: Verifying the Terraform client version is in the supported interval of >= 0.11.4, < 0.13.0...
W, [2020-04-16T05:07:08.968568 #22283]  WARN -- kt-suite-aws: Reading the Terraform client version...
I, [2020-04-16T05:07:08.994885 #22283]  INFO -- kt-suite-aws: Terraform v0.12.24
I, [2020-04-16T05:07:09.608141 #22283]  INFO -- kt-suite-aws: + provider.aws v2.57.0
I, [2020-04-16T05:07:09.611191 #22283]  INFO -- kt-suite-aws: + provider.local v1.4.0
W, [2020-04-16T05:07:09.633587 #22283]  WARN -- kt-suite-aws: Finished reading the Terraform client version.
W, [2020-04-16T05:07:09.633776 #22283]  WARN -- kt-suite-aws: Finished verifying the Terraform client version.
W, [2020-04-16T05:07:09.633821 #22283]  WARN -- kt-suite-aws: Initializing the Terraform working directory...
I, [2020-04-16T05:07:09.658469 #22283]  INFO -- kt-suite-aws: [0m[1mInitializing modules...[0m
I, [2020-04-16T05:07:09.678741 #22283]  INFO -- kt-suite-aws: 
I, [2020-04-16T05:07:09.681754 #22283]  INFO -- kt-suite-aws: [0m[1mInitializing the backend...[0m
I, [2020-04-16T05:07:09.683845 #22283]  INFO -- kt-suite-aws: 
I, [2020-04-16T05:07:09.684192 #22283]  INFO -- kt-suite-aws: [0m[1mInitializing provider plugins...[0m
I, [2020-04-16T05:07:10.306913 #22283]  INFO -- kt-suite-aws: 
I, [2020-04-16T05:07:10.306992 #22283]  INFO -- kt-suite-aws: The following providers do not have any version constraints in configuration,
I, [2020-04-16T05:07:10.307014 #22283]  INFO -- kt-suite-aws: so the latest version was installed.
I, [2020-04-16T05:07:10.307041 #22283]  INFO -- kt-suite-aws: 
I, [2020-04-16T05:07:10.307060 #22283]  INFO -- kt-suite-aws: To prevent automatic upgrades to new major versions that may contain breaking
I, [2020-04-16T05:07:10.307085 #22283]  INFO -- kt-suite-aws: changes, it is recommended to add version = "..." constraints to the
I, [2020-04-16T05:07:10.307102 #22283]  INFO -- kt-suite-aws: corresponding provider blocks in configuration, with the constraint strings
I, [2020-04-16T05:07:10.307120 #22283]  INFO -- kt-suite-aws: suggested below.
I, [2020-04-16T05:07:10.307883 #22283]  INFO -- kt-suite-aws: 
I, [2020-04-16T05:07:10.308311 #22283]  INFO -- kt-suite-aws: * provider.local: version = "~> 1.4"
I, [2020-04-16T05:07:10.308728 #22283]  INFO -- kt-suite-aws: 
I, [2020-04-16T05:07:10.309226 #22283]  INFO -- kt-suite-aws: [0m[1m[32mTerraform has been successfully initialized![0m[32m[0m
W, [2020-04-16T05:07:10.321814 #22283]  WARN -- kt-suite-aws: Finished initializing the Terraform working directory.
W, [2020-04-16T05:07:10.322153 #22283]  WARN -- kt-suite-aws: Selecting the kitchen-terraform-kt-suite-aws Terraform workspace...
I, [2020-04-16T05:07:10.346979 #22283]  INFO -- kt-suite-aws: [31m
I, [2020-04-16T05:07:10.350743 #22283]  INFO -- kt-suite-aws: Workspace "kitchen-terraform-kt-suite-aws" doesn't exist.
I, [2020-04-16T05:07:10.350780 #22283]  INFO -- kt-suite-aws: 
I, [2020-04-16T05:07:10.352259 #22283]  INFO -- kt-suite-aws: You can create this workspace with the "new" subcommand.[0m[0m
W, [2020-04-16T05:07:10.374726 #22283]  WARN -- kt-suite-aws: Creating the kitchen-terraform-kt-suite-aws Terraform workspace...
I, [2020-04-16T05:07:10.402789 #22283]  INFO -- kt-suite-aws: [0m[32m[1mCreated and switched to workspace "kitchen-terraform-kt-suite-aws"![0m[32m
I, [2020-04-16T05:07:10.402863 #22283]  INFO -- kt-suite-aws: 
I, [2020-04-16T05:07:10.402886 #22283]  INFO -- kt-suite-aws: You're now on a new, empty workspace. Workspaces isolate their state,
I, [2020-04-16T05:07:10.402905 #22283]  INFO -- kt-suite-aws: so if you run "terraform plan" Terraform will not see any existing state
I, [2020-04-16T05:07:10.406815 #22283]  INFO -- kt-suite-aws: for this configuration.[0m
W, [2020-04-16T05:07:10.429200 #22283]  WARN -- kt-suite-aws: Finished creating the kitchen-terraform-kt-suite-aws Terraform workspace.
W, [2020-04-16T05:07:10.429294 #22283]  WARN -- kt-suite-aws: Destroying the Terraform-managed infrastructure...
I, [2020-04-16T05:07:12.982788 #22283]  INFO -- kt-suite-aws: [0m[1mmodule.kt_test.data.aws_iam_policy_document.ec2_assume_role: Refreshing state...[0m
I, [2020-04-16T05:07:12.984065 #22283]  INFO -- kt-suite-aws: [0m[1mmodule.kt_test.data.aws_iam_policy_document.s3_access_policy: Refreshing state...[0m
I, [2020-04-16T05:07:13.920153 #22283]  INFO -- kt-suite-aws: [33m
I, [2020-04-16T05:07:13.920232 #22283]  INFO -- kt-suite-aws: [1m[33mWarning: [0m[0m[1mInterpolation-only expressions are deprecated[0m
I, [2020-04-16T05:07:13.920256 #22283]  INFO -- kt-suite-aws: 
I, [2020-04-16T05:07:13.920274 #22283]  INFO -- kt-suite-aws: [0m  on ../../../main.tf line 3, in provider "aws":
I, [2020-04-16T05:07:13.920299 #22283]  INFO -- kt-suite-aws:    3:   region  = [4m"${var.region}"[0m
I, [2020-04-16T05:07:13.920315 #22283]  INFO -- kt-suite-aws: [0m
I, [2020-04-16T05:07:13.920329 #22283]  INFO -- kt-suite-aws: Terraform 0.11 and earlier required all non-constant expressions to be
I, [2020-04-16T05:07:13.920343 #22283]  INFO -- kt-suite-aws: provided via interpolation syntax, but this pattern is now deprecated. To
I, [2020-04-16T05:07:13.920364 #22283]  INFO -- kt-suite-aws: silence this warning, remove the "${ sequence from the start and the }"
I, [2020-04-16T05:07:13.920379 #22283]  INFO -- kt-suite-aws: sequence from the end of this expression, leaving just the inner expression.
I, [2020-04-16T05:07:13.920394 #22283]  INFO -- kt-suite-aws: 
I, [2020-04-16T05:07:13.920408 #22283]  INFO -- kt-suite-aws: Template interpolation syntax is still used to construct strings from
I, [2020-04-16T05:07:13.920427 #22283]  INFO -- kt-suite-aws: expressions when the template includes multiple interpolation sequences or a
I, [2020-04-16T05:07:13.920442 #22283]  INFO -- kt-suite-aws: mixture of literal strings and interpolations. This deprecation applies only
I, [2020-04-16T05:07:13.920459 #22283]  INFO -- kt-suite-aws: to templates that consist entirely of a single interpolation sequence.
I, [2020-04-16T05:07:13.920472 #22283]  INFO -- kt-suite-aws: 
I, [2020-04-16T05:07:13.920485 #22283]  INFO -- kt-suite-aws: (and 51 more similar warnings elsewhere)
I, [2020-04-16T05:07:13.924995 #22283]  INFO -- kt-suite-aws: [0m[0m
I, [2020-04-16T05:07:13.935330 #22283]  INFO -- kt-suite-aws: [33m
I, [2020-04-16T05:07:13.935380 #22283]  INFO -- kt-suite-aws: [1m[33mWarning: [0m[0m[1mQuoted references are deprecated[0m
I, [2020-04-16T05:07:13.935403 #22283]  INFO -- kt-suite-aws: 
I, [2020-04-16T05:07:13.935434 #22283]  INFO -- kt-suite-aws: [0m  on ../../../main.tf line 96, in resource "aws_launch_template" "public_cluster":
I, [2020-04-16T05:07:13.935451 #22283]  INFO -- kt-suite-aws:   96:   depends_on    = [[4m"data.local_file.init"[0m]
I, [2020-04-16T05:07:13.935472 #22283]  INFO -- kt-suite-aws: [0m
I, [2020-04-16T05:07:13.935488 #22283]  INFO -- kt-suite-aws: In this context, references are expected literally rather than in quotes.
I, [2020-04-16T05:07:13.935502 #22283]  INFO -- kt-suite-aws: Terraform 0.11 and earlier required quotes, but quoted references are now
I, [2020-04-16T05:07:13.935515 #22283]  INFO -- kt-suite-aws: deprecated and will be removed in a future version of Terraform. Remove the
I, [2020-04-16T05:07:13.935528 #22283]  INFO -- kt-suite-aws: quotes surrounding this reference to silence this warning.
I, [2020-04-16T05:07:13.935546 #22283]  INFO -- kt-suite-aws: 
I, [2020-04-16T05:07:13.935563 #22283]  INFO -- kt-suite-aws: (and 3 more similar warnings elsewhere)
I, [2020-04-16T05:07:13.936479 #22283]  INFO -- kt-suite-aws: [0m[0m
I, [2020-04-16T05:07:13.944025 #22283]  INFO -- kt-suite-aws: [33m
I, [2020-04-16T05:07:13.944066 #22283]  INFO -- kt-suite-aws: [1m[33mWarning: [0m[0m[1m"condition.0.values": [DEPRECATED] use 'host_header' or 'path_pattern' attribute instead[0m
I, [2020-04-16T05:07:13.944092 #22283]  INFO -- kt-suite-aws: 
I, [2020-04-16T05:07:13.944109 #22283]  INFO -- kt-suite-aws: [0m  on ../../../main.tf line 338, in resource "aws_lb_listener_rule" "asg":
I, [2020-04-16T05:07:13.944145 #22283]  INFO -- kt-suite-aws:  338: resource "aws_lb_listener_rule" "asg" [4m{[0m
I, [2020-04-16T05:07:13.944163 #22283]  INFO -- kt-suite-aws: [0m
I, [2020-04-16T05:07:13.944702 #22283]  INFO -- kt-suite-aws: [0m[0m
I, [2020-04-16T05:07:13.953564 #22283]  INFO -- kt-suite-aws: [33m
I, [2020-04-16T05:07:13.953609 #22283]  INFO -- kt-suite-aws: [1m[33mWarning: [0m[0m[1m"condition.0.field": [DEPRECATED] use 'host_header' or 'path_pattern' attribute instead[0m
I, [2020-04-16T05:07:13.953635 #22283]  INFO -- kt-suite-aws: 
I, [2020-04-16T05:07:13.953670 #22283]  INFO -- kt-suite-aws: [0m  on ../../../main.tf line 338, in resource "aws_lb_listener_rule" "asg":
I, [2020-04-16T05:07:13.953691 #22283]  INFO -- kt-suite-aws:  338: resource "aws_lb_listener_rule" "asg" [4m{[0m
I, [2020-04-16T05:07:13.953706 #22283]  INFO -- kt-suite-aws: [0m
I, [2020-04-16T05:07:13.954331 #22283]  INFO -- kt-suite-aws: [0m[0m
I, [2020-04-16T05:07:13.954829 #22283]  INFO -- kt-suite-aws: [0m[1m[32m
I, [2020-04-16T05:07:13.955202 #22283]  INFO -- kt-suite-aws: Destroy complete! Resources: 0 destroyed.[0m
W, [2020-04-16T05:07:13.973880 #22283]  WARN -- kt-suite-aws: Finished destroying the Terraform-managed infrastructure.
W, [2020-04-16T05:07:13.973980 #22283]  WARN -- kt-suite-aws: Selecting the default Terraform workspace...
I, [2020-04-16T05:07:14.000709 #22283]  INFO -- kt-suite-aws: [0m[32mSwitched to workspace "default".[0m
W, [2020-04-16T05:07:14.013368 #22283]  WARN -- kt-suite-aws: Finished selecting the default Terraform workspace.
W, [2020-04-16T05:07:14.013469 #22283]  WARN -- kt-suite-aws: Deleting the kitchen-terraform-kt-suite-aws Terraform workspace...
I, [2020-04-16T05:07:14.042940 #22283]  INFO -- kt-suite-aws: [0m[32mDeleted workspace "kitchen-terraform-kt-suite-aws"![0m
W, [2020-04-16T05:07:14.065607 #22283]  WARN -- kt-suite-aws: Finished deleting the kitchen-terraform-kt-suite-aws Terraform workspace.
I, [2020-04-16T05:07:14.066294 #22283]  INFO -- kt-suite-aws: Finished destroying <kt-suite-aws> (0m5.10s).
