I, [2020-05-10T20:07:56.933181 #14618]  INFO -- kt-suite-ubuntu: -----> Destroying <kt-suite-ubuntu>...
W, [2020-05-10T20:07:56.934144 #14618]  WARN -- kt-suite-ubuntu: Verifying the Terraform client version is in the supported interval of >= 0.11.4, < 0.13.0...
W, [2020-05-10T20:07:56.934441 #14618]  WARN -- kt-suite-ubuntu: Reading the Terraform client version...
I, [2020-05-10T20:07:56.963709 #14618]  INFO -- kt-suite-ubuntu: Terraform v0.12.24
I, [2020-05-10T20:07:57.581455 #14618]  INFO -- kt-suite-ubuntu: + provider.aws v2.61.0
I, [2020-05-10T20:07:57.582137 #14618]  INFO -- kt-suite-ubuntu: + provider.template v2.1.2
W, [2020-05-10T20:07:57.604427 #14618]  WARN -- kt-suite-ubuntu: Finished reading the Terraform client version.
W, [2020-05-10T20:07:57.604647 #14618]  WARN -- kt-suite-ubuntu: Finished verifying the Terraform client version.
W, [2020-05-10T20:07:57.604693 #14618]  WARN -- kt-suite-ubuntu: Initializing the Terraform working directory...
I, [2020-05-10T20:07:57.635511 #14618]  INFO -- kt-suite-ubuntu: [0m[1mInitializing modules...[0m
I, [2020-05-10T20:07:57.653921 #14618]  INFO -- kt-suite-ubuntu: 
I, [2020-05-10T20:07:57.654503 #14618]  INFO -- kt-suite-ubuntu: [0m[1mInitializing the backend...[0m
I, [2020-05-10T20:07:57.663230 #14618]  INFO -- kt-suite-ubuntu: 
I, [2020-05-10T20:07:57.663718 #14618]  INFO -- kt-suite-ubuntu: [0m[1mInitializing provider plugins...[0m
I, [2020-05-10T20:07:58.286697 #14618]  INFO -- kt-suite-ubuntu: 
I, [2020-05-10T20:07:58.286758 #14618]  INFO -- kt-suite-ubuntu: The following providers do not have any version constraints in configuration,
I, [2020-05-10T20:07:58.286781 #14618]  INFO -- kt-suite-ubuntu: so the latest version was installed.
I, [2020-05-10T20:07:58.286796 #14618]  INFO -- kt-suite-ubuntu: 
I, [2020-05-10T20:07:58.286809 #14618]  INFO -- kt-suite-ubuntu: To prevent automatic upgrades to new major versions that may contain breaking
I, [2020-05-10T20:07:58.286823 #14618]  INFO -- kt-suite-ubuntu: changes, it is recommended to add version = "..." constraints to the
I, [2020-05-10T20:07:58.286841 #14618]  INFO -- kt-suite-ubuntu: corresponding provider blocks in configuration, with the constraint strings
I, [2020-05-10T20:07:58.286856 #14618]  INFO -- kt-suite-ubuntu: suggested below.
I, [2020-05-10T20:07:58.287614 #14618]  INFO -- kt-suite-ubuntu: 
I, [2020-05-10T20:07:58.288063 #14618]  INFO -- kt-suite-ubuntu: * provider.template: version = "~> 2.1"
I, [2020-05-10T20:07:58.288465 #14618]  INFO -- kt-suite-ubuntu: 
I, [2020-05-10T20:07:58.289030 #14618]  INFO -- kt-suite-ubuntu: [0m[1m[32mTerraform has been successfully initialized![0m[32m[0m
W, [2020-05-10T20:07:58.301380 #14618]  WARN -- kt-suite-ubuntu: Finished initializing the Terraform working directory.
W, [2020-05-10T20:07:58.302008 #14618]  WARN -- kt-suite-ubuntu: Selecting the kitchen-terraform-kt-suite-ubuntu Terraform workspace...
W, [2020-05-10T20:07:58.342665 #14618]  WARN -- kt-suite-ubuntu: Finished selecting the kitchen-terraform-kt-suite-ubuntu Terraform workspace.
W, [2020-05-10T20:07:58.342769 #14618]  WARN -- kt-suite-ubuntu: Destroying the Terraform-managed infrastructure...
I, [2020-05-10T20:08:01.689070 #14618]  INFO -- kt-suite-ubuntu: [0m[1maws_security_group.allow_ssh: Refreshing state... [id=sg-0912742f6e8549315][0m
I, [2020-05-10T20:08:01.809953 #14618]  INFO -- kt-suite-ubuntu: [0m[1maws_instance.example: Refreshing state... [id=i-020b647046da0aa95][0m
I, [2020-05-10T20:08:02.046090 #14618]  INFO -- kt-suite-ubuntu: [0m[1mmodule.kt_test.data.aws_iam_policy_document.s3_access_policy: Refreshing state...[0m
I, [2020-05-10T20:08:02.049014 #14618]  INFO -- kt-suite-ubuntu: [0m[1mmodule.kt_test.aws_s3_bucket.flugel: Refreshing state... [id=flugel-kt-test][0m
I, [2020-05-10T20:08:02.050916 #14618]  INFO -- kt-suite-ubuntu: [0m[1mmodule.kt_test.aws_vpc.main: Refreshing state... [id=vpc-00bcff87bdf534d07][0m
I, [2020-05-10T20:08:02.051843 #14618]  INFO -- kt-suite-ubuntu: [0m[1mmodule.kt_test.data.aws_iam_policy_document.ec2_assume_role: Refreshing state...[0m
I, [2020-05-10T20:08:02.061436 #14618]  INFO -- kt-suite-ubuntu: [0m[1mmodule.kt_test.aws_iam_policy.s3_policy: Refreshing state... [id=arn:aws:iam::628536869794:policy/flugel-s3-policy][0m
I, [2020-05-10T20:08:02.063236 #14618]  INFO -- kt-suite-ubuntu: [0m[1mmodule.kt_test.aws_iam_role.ec2_trusted_entity_to_s3: Refreshing state... [id=ec2_trusted_entity_to_s3][0m
I, [2020-05-10T20:08:02.164459 #14618]  INFO -- kt-suite-ubuntu: [0m[1mmodule.kt_test.aws_iam_instance_profile.s3_access: Refreshing state... [id=s3_access_profile][0m
I, [2020-05-10T20:08:02.167623 #14618]  INFO -- kt-suite-ubuntu: [0m[1mmodule.kt_test.aws_iam_role_policy_attachment.s3_read_only_policy: Refreshing state... [id=ec2_trusted_entity_to_s3-20200510195020949000000001][0m
I, [2020-05-10T20:08:02.495835 #14618]  INFO -- kt-suite-ubuntu: [0m[1mmodule.kt_test.aws_s3_bucket_object.object_2: Refreshing state... [id=test2.txt][0m
I, [2020-05-10T20:08:02.502491 #14618]  INFO -- kt-suite-ubuntu: [0m[1mmodule.kt_test.aws_s3_bucket_object.object_1: Refreshing state... [id=test1.txt][0m
I, [2020-05-10T20:08:02.711597 #14618]  INFO -- kt-suite-ubuntu: [0m[1mmodule.kt_test.aws_internet_gateway.gw: Refreshing state... [id=igw-0df7526500812b349][0m
I, [2020-05-10T20:08:02.715455 #14618]  INFO -- kt-suite-ubuntu: [0m[1mmodule.kt_test.aws_subnet.private: Refreshing state... [id=subnet-05329cba2f67427ef][0m
I, [2020-05-10T20:08:02.717283 #14618]  INFO -- kt-suite-ubuntu: [0m[1mmodule.kt_test.aws_security_group.private_sg: Refreshing state... [id=sg-0ef0141572d8bf310][0m
I, [2020-05-10T20:08:02.719184 #14618]  INFO -- kt-suite-ubuntu: [0m[1mmodule.kt_test.aws_security_group.public_sg: Refreshing state... [id=sg-043f6f2aa8a725396][0m
I, [2020-05-10T20:08:02.720671 #14618]  INFO -- kt-suite-ubuntu: [0m[1mmodule.kt_test.aws_security_group.alb_sg: Refreshing state... [id=sg-026d9c2cee63d7cd7][0m
I, [2020-05-10T20:08:02.721681 #14618]  INFO -- kt-suite-ubuntu: [0m[1mmodule.kt_test.aws_subnet.public: Refreshing state... [id=subnet-0bd35a28e5f26eaf5][0m
I, [2020-05-10T20:08:02.806794 #14618]  INFO -- kt-suite-ubuntu: [0m[1mmodule.kt_test.aws_eip.natgw: Refreshing state... [id=eipalloc-08ed43eb48302912a][0m
I, [2020-05-10T20:08:02.808204 #14618]  INFO -- kt-suite-ubuntu: [0m[1mmodule.kt_test.aws_route_table.inet: Refreshing state... [id=rtb-0193458d04a28d5aa][0m
I, [2020-05-10T20:08:02.841426 #14618]  INFO -- kt-suite-ubuntu: [0m[1mmodule.kt_test.aws_lb.alb: Refreshing state... [id=arn:aws:elasticloadbalancing:us-east-1:628536869794:loadbalancer/app/flugel-alb-1/09a77b009aad9383][0m
I, [2020-05-10T20:08:02.893533 #14618]  INFO -- kt-suite-ubuntu: [0m[1mmodule.kt_test.aws_route_table_association.pub_assoc: Refreshing state... [id=rtbassoc-03f32f47f3f334dfe][0m
I, [2020-05-10T20:08:02.925616 #14618]  INFO -- kt-suite-ubuntu: [0m[1mmodule.kt_test.aws_nat_gateway.natgw: Refreshing state... [id=nat-05b1d46f0e9adf179][0m
I, [2020-05-10T20:08:02.940123 #14618]  INFO -- kt-suite-ubuntu: [0m[1mmodule.kt_test.data.template_file.init: Refreshing state...[0m
I, [2020-05-10T20:08:02.943156 #14618]  INFO -- kt-suite-ubuntu: [0m[1mmodule.kt_test.aws_lb_listener.http: Refreshing state... [id=arn:aws:elasticloadbalancing:us-east-1:628536869794:listener/app/flugel-alb-1/09a77b009aad9383/a127648cdb5f59e1][0m
I, [2020-05-10T20:08:02.958188 #14618]  INFO -- kt-suite-ubuntu: [0m[1mmodule.kt_test.aws_lb_target_group.asg: Refreshing state... [id=arn:aws:elasticloadbalancing:us-east-1:628536869794:targetgroup/flugel-alb-1/3393bb00debf77c3][0m
I, [2020-05-10T20:08:02.968892 #14618]  INFO -- kt-suite-ubuntu: [0m[1mmodule.kt_test.aws_launch_template.public_cluster: Refreshing state... [id=lt-016a2f78e6ff58460][0m
I, [2020-05-10T20:08:02.970105 #14618]  INFO -- kt-suite-ubuntu: [0m[1mmodule.kt_test.aws_launch_template.private_cluster: Refreshing state... [id=lt-0e1e27a1b83785b05][0m
I, [2020-05-10T20:08:03.007787 #14618]  INFO -- kt-suite-ubuntu: [0m[1mmodule.kt_test.aws_route_table.nat: Refreshing state... [id=rtb-022eb850b4f3e5083][0m
I, [2020-05-10T20:08:03.061669 #14618]  INFO -- kt-suite-ubuntu: [0m[1mmodule.kt_test.aws_lb_listener_rule.asg: Refreshing state... [id=arn:aws:elasticloadbalancing:us-east-1:628536869794:listener-rule/app/flugel-alb-1/09a77b009aad9383/a127648cdb5f59e1/94e0baf7e632660d][0m
I, [2020-05-10T20:08:03.085727 #14618]  INFO -- kt-suite-ubuntu: [0m[1mmodule.kt_test.aws_route_table_association.nat_assoc: Refreshing state... [id=rtbassoc-04c49f15cf41e3a3a][0m
I, [2020-05-10T20:08:03.103850 #14618]  INFO -- kt-suite-ubuntu: [0m[1mmodule.kt_test.aws_autoscaling_group.private_asg: Refreshing state... [id=tf-asg-20200510195345405500000007][0m
I, [2020-05-10T20:08:03.110250 #14618]  INFO -- kt-suite-ubuntu: [0m[1mmodule.kt_test.aws_autoscaling_group.public_asg: Refreshing state... [id=tf-asg-20200510195345398600000006][0m
I, [2020-05-10T20:08:05.200051 #14618]  INFO -- kt-suite-ubuntu: [0m[1maws_instance.example: Destroying... [id=i-020b647046da0aa95][0m[0m
I, [2020-05-10T20:08:05.351397 #14618]  INFO -- kt-suite-ubuntu: [0m[1mmodule.kt_test.aws_route_table_association.nat_assoc: Destroying... [id=rtbassoc-04c49f15cf41e3a3a][0m[0m
I, [2020-05-10T20:08:05.353758 #14618]  INFO -- kt-suite-ubuntu: [0m[1mmodule.kt_test.aws_lb_listener_rule.asg: Destroying... [id=arn:aws:elasticloadbalancing:us-east-1:628536869794:listener-rule/app/flugel-alb-1/09a77b009aad9383/a127648cdb5f59e1/94e0baf7e632660d][0m[0m
I, [2020-05-10T20:08:05.359338 #14618]  INFO -- kt-suite-ubuntu: [0m[1mmodule.kt_test.aws_iam_role_policy_attachment.s3_read_only_policy: Destroying... [id=ec2_trusted_entity_to_s3-20200510195020949000000001][0m[0m
I, [2020-05-10T20:08:05.363839 #14618]  INFO -- kt-suite-ubuntu: [0m[1mmodule.kt_test.aws_s3_bucket_object.object_2: Destroying... [id=test2.txt][0m[0m
I, [2020-05-10T20:08:05.364980 #14618]  INFO -- kt-suite-ubuntu: [0m[1mmodule.kt_test.aws_autoscaling_group.public_asg: Destroying... [id=tf-asg-20200510195345398600000006][0m[0m
I, [2020-05-10T20:08:05.366864 #14618]  INFO -- kt-suite-ubuntu: [0m[1mmodule.kt_test.aws_route_table_association.pub_assoc: Destroying... [id=rtbassoc-03f32f47f3f334dfe][0m[0m
I, [2020-05-10T20:08:05.368073 #14618]  INFO -- kt-suite-ubuntu: [0m[1mmodule.kt_test.aws_autoscaling_group.private_asg: Destroying... [id=tf-asg-20200510195345405500000007][0m[0m
I, [2020-05-10T20:08:05.369059 #14618]  INFO -- kt-suite-ubuntu: [0m[1mmodule.kt_test.aws_s3_bucket_object.object_1: Destroying... [id=test1.txt][0m[0m
I, [2020-05-10T20:08:05.395806 #14618]  INFO -- kt-suite-ubuntu: [0m[1mmodule.kt_test.aws_lb_listener_rule.asg: Destruction complete after 0s[0m[0m
I, [2020-05-10T20:08:05.416722 #14618]  INFO -- kt-suite-ubuntu: [0m[1mmodule.kt_test.aws_lb_listener.http: Destroying... [id=arn:aws:elasticloadbalancing:us-east-1:628536869794:listener/app/flugel-alb-1/09a77b009aad9383/a127648cdb5f59e1][0m[0m
I, [2020-05-10T20:08:05.422150 #14618]  INFO -- kt-suite-ubuntu: [0m[1mmodule.kt_test.aws_s3_bucket_object.object_2: Destruction complete after 0s[0m[0m
I, [2020-05-10T20:08:05.435916 #14618]  INFO -- kt-suite-ubuntu: [0m[1mmodule.kt_test.aws_iam_role_policy_attachment.s3_read_only_policy: Destruction complete after 0s[0m[0m
I, [2020-05-10T20:08:05.435963 #14618]  INFO -- kt-suite-ubuntu: [0m[1mmodule.kt_test.aws_s3_bucket_object.object_1: Destruction complete after 0s[0m[0m
I, [2020-05-10T20:08:05.460334 #14618]  INFO -- kt-suite-ubuntu: [0m[1mmodule.kt_test.aws_route_table_association.nat_assoc: Destruction complete after 0s[0m[0m
I, [2020-05-10T20:08:05.471594 #14618]  INFO -- kt-suite-ubuntu: [0m[1mmodule.kt_test.aws_lb_listener.http: Destruction complete after 0s[0m[0m
I, [2020-05-10T20:08:05.471653 #14618]  INFO -- kt-suite-ubuntu: [0m[1mmodule.kt_test.aws_route_table_association.pub_assoc: Destruction complete after 0s[0m[0m
I, [2020-05-10T20:08:05.471688 #14618]  INFO -- kt-suite-ubuntu: [0m[1mmodule.kt_test.aws_s3_bucket.flugel: Destroying... [id=flugel-kt-test][0m[0m
I, [2020-05-10T20:08:05.471715 #14618]  INFO -- kt-suite-ubuntu: [0m[1mmodule.kt_test.aws_iam_policy.s3_policy: Destroying... [id=arn:aws:iam::628536869794:policy/flugel-s3-policy][0m[0m
I, [2020-05-10T20:08:05.492025 #14618]  INFO -- kt-suite-ubuntu: [0m[1mmodule.kt_test.aws_route_table.nat: Destroying... [id=rtb-022eb850b4f3e5083][0m[0m
I, [2020-05-10T20:08:05.507414 #14618]  INFO -- kt-suite-ubuntu: [0m[1mmodule.kt_test.aws_route_table.inet: Destroying... [id=rtb-0193458d04a28d5aa][0m[0m
I, [2020-05-10T20:08:05.555822 #14618]  INFO -- kt-suite-ubuntu: [0m[1mmodule.kt_test.aws_iam_policy.s3_policy: Destruction complete after 1s[0m[0m
I, [2020-05-10T20:08:05.682109 #14618]  INFO -- kt-suite-ubuntu: [0m[1mmodule.kt_test.aws_s3_bucket.flugel: Destruction complete after 1s[0m[0m
I, [2020-05-10T20:08:05.756429 #14618]  INFO -- kt-suite-ubuntu: [0m[1mmodule.kt_test.aws_route_table.inet: Destruction complete after 0s[0m[0m
I, [2020-05-10T20:08:05.763341 #14618]  INFO -- kt-suite-ubuntu: [0m[1mmodule.kt_test.aws_route_table.nat: Destruction complete after 1s[0m[0m
I, [2020-05-10T20:08:05.772514 #14618]  INFO -- kt-suite-ubuntu: [0m[1mmodule.kt_test.aws_nat_gateway.natgw: Destroying... [id=nat-05b1d46f0e9adf179][0m[0m
I, [2020-05-10T20:08:15.210167 #14618]  INFO -- kt-suite-ubuntu: [0m[1maws_instance.example: Still destroying... [id=i-020b647046da0aa95, 10s elapsed][0m[0m
I, [2020-05-10T20:08:15.367831 #14618]  INFO -- kt-suite-ubuntu: [0m[1mmodule.kt_test.aws_autoscaling_group.public_asg: Still destroying... [id=tf-asg-20200510195345398600000006, 10s elapsed][0m[0m
I, [2020-05-10T20:08:15.369292 #14618]  INFO -- kt-suite-ubuntu: [0m[1mmodule.kt_test.aws_autoscaling_group.private_asg: Still destroying... [id=tf-asg-20200510195345405500000007, 10s elapsed][0m[0m
I, [2020-05-10T20:08:15.773808 #14618]  INFO -- kt-suite-ubuntu: [0m[1mmodule.kt_test.aws_nat_gateway.natgw: Still destroying... [id=nat-05b1d46f0e9adf179, 10s elapsed][0m[0m
I, [2020-05-10T20:08:25.210405 #14618]  INFO -- kt-suite-ubuntu: [0m[1maws_instance.example: Still destroying... [id=i-020b647046da0aa95, 20s elapsed][0m[0m
I, [2020-05-10T20:08:25.368055 #14618]  INFO -- kt-suite-ubuntu: [0m[1mmodule.kt_test.aws_autoscaling_group.public_asg: Still destroying... [id=tf-asg-20200510195345398600000006, 20s elapsed][0m[0m
I, [2020-05-10T20:08:25.369485 #14618]  INFO -- kt-suite-ubuntu: [0m[1mmodule.kt_test.aws_autoscaling_group.private_asg: Still destroying... [id=tf-asg-20200510195345405500000007, 20s elapsed][0m[0m
I, [2020-05-10T20:08:25.774056 #14618]  INFO -- kt-suite-ubuntu: [0m[1mmodule.kt_test.aws_nat_gateway.natgw: Still destroying... [id=nat-05b1d46f0e9adf179, 20s elapsed][0m[0m
I, [2020-05-10T20:08:34.975838 #14618]  INFO -- kt-suite-ubuntu: [0m[1maws_instance.example: Destruction complete after 30s[0m[0m
I, [2020-05-10T20:08:34.984221 #14618]  INFO -- kt-suite-ubuntu: [0m[1maws_security_group.allow_ssh: Destroying... [id=sg-0912742f6e8549315][0m[0m
I, [2020-05-10T20:08:35.299324 #14618]  INFO -- kt-suite-ubuntu: [0m[1maws_security_group.allow_ssh: Destruction complete after 0s[0m[0m
I, [2020-05-10T20:08:35.368306 #14618]  INFO -- kt-suite-ubuntu: [0m[1mmodule.kt_test.aws_autoscaling_group.public_asg: Still destroying... [id=tf-asg-20200510195345398600000006, 30s elapsed][0m[0m
I, [2020-05-10T20:08:35.369667 #14618]  INFO -- kt-suite-ubuntu: [0m[1mmodule.kt_test.aws_autoscaling_group.private_asg: Still destroying... [id=tf-asg-20200510195345405500000007, 30s elapsed][0m[0m
I, [2020-05-10T20:08:35.774310 #14618]  INFO -- kt-suite-ubuntu: [0m[1mmodule.kt_test.aws_nat_gateway.natgw: Still destroying... [id=nat-05b1d46f0e9adf179, 30s elapsed][0m[0m
I, [2020-05-10T20:08:45.369625 #14618]  INFO -- kt-suite-ubuntu: [0m[1mmodule.kt_test.aws_autoscaling_group.public_asg: Still destroying... [id=tf-asg-20200510195345398600000006, 40s elapsed][0m[0m
I, [2020-05-10T20:08:45.370652 #14618]  INFO -- kt-suite-ubuntu: [0m[1mmodule.kt_test.aws_autoscaling_group.private_asg: Still destroying... [id=tf-asg-20200510195345405500000007, 40s elapsed][0m[0m
I, [2020-05-10T20:08:45.775635 #14618]  INFO -- kt-suite-ubuntu: [0m[1mmodule.kt_test.aws_nat_gateway.natgw: Still destroying... [id=nat-05b1d46f0e9adf179, 40s elapsed][0m[0m
I, [2020-05-10T20:08:55.369862 #14618]  INFO -- kt-suite-ubuntu: [0m[1mmodule.kt_test.aws_autoscaling_group.public_asg: Still destroying... [id=tf-asg-20200510195345398600000006, 50s elapsed][0m[0m
I, [2020-05-10T20:08:55.370880 #14618]  INFO -- kt-suite-ubuntu: [0m[1mmodule.kt_test.aws_autoscaling_group.private_asg: Still destroying... [id=tf-asg-20200510195345405500000007, 50s elapsed][0m[0m
I, [2020-05-10T20:08:55.775855 #14618]  INFO -- kt-suite-ubuntu: [0m[1mmodule.kt_test.aws_nat_gateway.natgw: Still destroying... [id=nat-05b1d46f0e9adf179, 50s elapsed][0m[0m
I, [2020-05-10T20:08:56.313403 #14618]  INFO -- kt-suite-ubuntu: [0m[1mmodule.kt_test.aws_nat_gateway.natgw: Destruction complete after 50s[0m[0m
I, [2020-05-10T20:08:56.319383 #14618]  INFO -- kt-suite-ubuntu: [0m[1mmodule.kt_test.aws_eip.natgw: Destroying... [id=eipalloc-08ed43eb48302912a][0m[0m
I, [2020-05-10T20:08:56.686885 #14618]  INFO -- kt-suite-ubuntu: [0m[1mmodule.kt_test.aws_eip.natgw: Destruction complete after 1s[0m[0m
I, [2020-05-10T20:08:56.701890 #14618]  INFO -- kt-suite-ubuntu: [0m[1mmodule.kt_test.aws_internet_gateway.gw: Destroying... [id=igw-0df7526500812b349][0m[0m
I, [2020-05-10T20:09:05.370105 #14618]  INFO -- kt-suite-ubuntu: [0m[1mmodule.kt_test.aws_autoscaling_group.public_asg: Still destroying... [id=tf-asg-20200510195345398600000006, 1m0s elapsed][0m[0m
I, [2020-05-10T20:09:05.373674 #14618]  INFO -- kt-suite-ubuntu: [0m[1mmodule.kt_test.aws_autoscaling_group.private_asg: Still destroying... [id=tf-asg-20200510195345405500000007, 1m0s elapsed][0m[0m
I, [2020-05-10T20:09:06.706603 #14618]  INFO -- kt-suite-ubuntu: [0m[1mmodule.kt_test.aws_internet_gateway.gw: Still destroying... [id=igw-0df7526500812b349, 10s elapsed][0m[0m
I, [2020-05-10T20:09:15.370317 #14618]  INFO -- kt-suite-ubuntu: [0m[1mmodule.kt_test.aws_autoscaling_group.public_asg: Still destroying... [id=tf-asg-20200510195345398600000006, 1m10s elapsed][0m[0m
I, [2020-05-10T20:09:15.371338 #14618]  INFO -- kt-suite-ubuntu: [0m[1mmodule.kt_test.aws_autoscaling_group.private_asg: Still destroying... [id=tf-asg-20200510195345405500000007, 1m10s elapsed][0m[0m
I, [2020-05-10T20:09:16.706291 #14618]  INFO -- kt-suite-ubuntu: [0m[1mmodule.kt_test.aws_internet_gateway.gw: Still destroying... [id=igw-0df7526500812b349, 20s elapsed][0m[0m
I, [2020-05-10T20:09:18.899866 #14618]  INFO -- kt-suite-ubuntu: [0m[1mmodule.kt_test.aws_autoscaling_group.public_asg: Destruction complete after 1m14s[0m[0m
I, [2020-05-10T20:09:18.908208 #14618]  INFO -- kt-suite-ubuntu: [0m[1mmodule.kt_test.aws_launch_template.public_cluster: Destroying... [id=lt-016a2f78e6ff58460][0m[0m
I, [2020-05-10T20:09:19.024813 #14618]  INFO -- kt-suite-ubuntu: [0m[1mmodule.kt_test.aws_launch_template.public_cluster: Destruction complete after 0s[0m[0m
I, [2020-05-10T20:09:19.034531 #14618]  INFO -- kt-suite-ubuntu: [0m[1mmodule.kt_test.aws_security_group.public_sg: Destroying... [id=sg-043f6f2aa8a725396][0m[0m
I, [2020-05-10T20:09:19.383852 #14618]  INFO -- kt-suite-ubuntu: [0m[1mmodule.kt_test.aws_security_group.public_sg: Destruction complete after 0s[0m[0m
I, [2020-05-10T20:09:25.371617 #14618]  INFO -- kt-suite-ubuntu: [0m[1mmodule.kt_test.aws_autoscaling_group.private_asg: Still destroying... [id=tf-asg-20200510195345405500000007, 1m20s elapsed][0m[0m
I, [2020-05-10T20:09:26.706501 #14618]  INFO -- kt-suite-ubuntu: [0m[1mmodule.kt_test.aws_internet_gateway.gw: Still destroying... [id=igw-0df7526500812b349, 30s elapsed][0m[0m
I, [2020-05-10T20:09:28.466382 #14618]  INFO -- kt-suite-ubuntu: [0m[1mmodule.kt_test.aws_autoscaling_group.private_asg: Destruction complete after 1m23s[0m[0m
I, [2020-05-10T20:09:28.474671 #14618]  INFO -- kt-suite-ubuntu: [0m[1mmodule.kt_test.aws_launch_template.private_cluster: Destroying... [id=lt-0e1e27a1b83785b05][0m[0m
I, [2020-05-10T20:09:28.476497 #14618]  INFO -- kt-suite-ubuntu: [0m[1mmodule.kt_test.aws_lb_target_group.asg: Destroying... [id=arn:aws:elasticloadbalancing:us-east-1:628536869794:targetgroup/flugel-alb-1/3393bb00debf77c3][0m[0m
I, [2020-05-10T20:09:28.515106 #14618]  INFO -- kt-suite-ubuntu: [0m[1mmodule.kt_test.aws_lb_target_group.asg: Destruction complete after 1s[0m[0m
I, [2020-05-10T20:09:28.585350 #14618]  INFO -- kt-suite-ubuntu: [0m[1mmodule.kt_test.aws_launch_template.private_cluster: Destruction complete after 1s[0m[0m
I, [2020-05-10T20:09:28.614447 #14618]  INFO -- kt-suite-ubuntu: [0m[1mmodule.kt_test.aws_iam_instance_profile.s3_access: Destroying... [id=s3_access_profile][0m[0m
I, [2020-05-10T20:09:28.616432 #14618]  INFO -- kt-suite-ubuntu: [0m[1mmodule.kt_test.aws_lb.alb: Destroying... [id=arn:aws:elasticloadbalancing:us-east-1:628536869794:loadbalancer/app/flugel-alb-1/09a77b009aad9383][0m[0m
I, [2020-05-10T20:09:28.618024 #14618]  INFO -- kt-suite-ubuntu: [0m[1mmodule.kt_test.aws_security_group.private_sg: Destroying... [id=sg-0ef0141572d8bf310][0m[0m
I, [2020-05-10T20:09:28.687806 #14618]  INFO -- kt-suite-ubuntu: [0m[1mmodule.kt_test.aws_iam_instance_profile.s3_access: Destruction complete after 0s[0m[0m
I, [2020-05-10T20:09:28.694917 #14618]  INFO -- kt-suite-ubuntu: [0m[1mmodule.kt_test.aws_iam_role.ec2_trusted_entity_to_s3: Destroying... [id=ec2_trusted_entity_to_s3][0m[0m
I, [2020-05-10T20:09:28.799129 #14618]  INFO -- kt-suite-ubuntu: [0m[1mmodule.kt_test.aws_iam_role.ec2_trusted_entity_to_s3: Destruction complete after 0s[0m[0m
I, [2020-05-10T20:09:28.937925 #14618]  INFO -- kt-suite-ubuntu: [0m[1mmodule.kt_test.aws_security_group.private_sg: Destruction complete after 0s[0m[0m
I, [2020-05-10T20:09:29.547363 #14618]  INFO -- kt-suite-ubuntu: [0m[1mmodule.kt_test.aws_lb.alb: Destruction complete after 1s[0m[0m
I, [2020-05-10T20:09:29.557160 #14618]  INFO -- kt-suite-ubuntu: [0m[1mmodule.kt_test.aws_subnet.private: Destroying... [id=subnet-05329cba2f67427ef][0m[0m
I, [2020-05-10T20:09:29.559302 #14618]  INFO -- kt-suite-ubuntu: [0m[1mmodule.kt_test.aws_security_group.alb_sg: Destroying... [id=sg-026d9c2cee63d7cd7][0m[0m
I, [2020-05-10T20:09:29.563292 #14618]  INFO -- kt-suite-ubuntu: [0m[1mmodule.kt_test.aws_subnet.public: Destroying... [id=subnet-0bd35a28e5f26eaf5][0m[0m
I, [2020-05-10T20:09:36.706739 #14618]  INFO -- kt-suite-ubuntu: [0m[1mmodule.kt_test.aws_internet_gateway.gw: Still destroying... [id=igw-0df7526500812b349, 40s elapsed][0m[0m
I, [2020-05-10T20:09:39.560220 #14618]  INFO -- kt-suite-ubuntu: [0m[1mmodule.kt_test.aws_subnet.private: Still destroying... [id=subnet-05329cba2f67427ef, 10s elapsed][0m[0m
I, [2020-05-10T20:09:39.561848 #14618]  INFO -- kt-suite-ubuntu: [0m[1mmodule.kt_test.aws_security_group.alb_sg: Still destroying... [id=sg-026d9c2cee63d7cd7, 10s elapsed][0m[0m
I, [2020-05-10T20:09:39.564373 #14618]  INFO -- kt-suite-ubuntu: [0m[1mmodule.kt_test.aws_subnet.public: Still destroying... [id=subnet-0bd35a28e5f26eaf5, 10s elapsed][0m[0m
I, [2020-05-10T20:09:45.414328 #14618]  INFO -- kt-suite-ubuntu: [0m[1mmodule.kt_test.aws_subnet.private: Destruction complete after 15s[0m[0m
I, [2020-05-10T20:09:45.455820 #14618]  INFO -- kt-suite-ubuntu: [0m[1mmodule.kt_test.aws_subnet.public: Destruction complete after 15s[0m[0m
I, [2020-05-10T20:09:46.673984 #14618]  INFO -- kt-suite-ubuntu: [0m[1mmodule.kt_test.aws_security_group.alb_sg: Destruction complete after 17s[0m[0m
I, [2020-05-10T20:09:46.706960 #14618]  INFO -- kt-suite-ubuntu: [0m[1mmodule.kt_test.aws_internet_gateway.gw: Still destroying... [id=igw-0df7526500812b349, 50s elapsed][0m[0m
I, [2020-05-10T20:09:51.327010 #14618]  INFO -- kt-suite-ubuntu: [0m[1mmodule.kt_test.aws_internet_gateway.gw: Destruction complete after 54s[0m[0m
I, [2020-05-10T20:09:51.332224 #14618]  INFO -- kt-suite-ubuntu: [0m[1mmodule.kt_test.aws_vpc.main: Destroying... [id=vpc-00bcff87bdf534d07][0m[0m
I, [2020-05-10T20:09:51.756177 #14618]  INFO -- kt-suite-ubuntu: [0m[1mmodule.kt_test.aws_vpc.main: Destruction complete after 1s[0m[0m
I, [2020-05-10T20:09:51.772562 #14618]  INFO -- kt-suite-ubuntu: [0m[1m[32m
I, [2020-05-10T20:09:51.773114 #14618]  INFO -- kt-suite-ubuntu: Destroy complete! Resources: 30 destroyed.[0m
W, [2020-05-10T20:09:51.793288 #14618]  WARN -- kt-suite-ubuntu: Finished destroying the Terraform-managed infrastructure.
W, [2020-05-10T20:09:51.793367 #14618]  WARN -- kt-suite-ubuntu: Selecting the default Terraform workspace...
I, [2020-05-10T20:09:51.825026 #14618]  INFO -- kt-suite-ubuntu: [0m[32mSwitched to workspace "default".[0m
W, [2020-05-10T20:09:51.847503 #14618]  WARN -- kt-suite-ubuntu: Finished selecting the default Terraform workspace.
W, [2020-05-10T20:09:51.847627 #14618]  WARN -- kt-suite-ubuntu: Deleting the kitchen-terraform-kt-suite-ubuntu Terraform workspace...
I, [2020-05-10T20:09:51.881059 #14618]  INFO -- kt-suite-ubuntu: [0m[32mDeleted workspace "kitchen-terraform-kt-suite-ubuntu"![0m
W, [2020-05-10T20:09:51.903504 #14618]  WARN -- kt-suite-ubuntu: Finished deleting the kitchen-terraform-kt-suite-ubuntu Terraform workspace.
I, [2020-05-10T20:09:51.904618 #14618]  INFO -- kt-suite-ubuntu: Finished destroying <kt-suite-ubuntu> (1m54.97s).
